02-Feb-2026 14:49:48.964 INFO [main] org.apache.catalina.startup.VersionLoggerListener.log Nom version serveur :              Apache Tomcat/11.0.18
02-Feb-2026 14:49:48.966 INFO [main] org.apache.catalina.startup.VersionLoggerListener.log Serveur compilé :                  Jan 23 2026 10:22:57 UTC
02-Feb-2026 14:49:48.969 INFO [main] org.apache.catalina.startup.VersionLoggerListener.log Version du serveur :               11.0.18.0
02-Feb-2026 14:49:48.969 INFO [main] org.apache.catalina.startup.VersionLoggerListener.log Nom de l'OS :                      Windows 10
02-Feb-2026 14:49:48.970 INFO [main] org.apache.catalina.startup.VersionLoggerListener.log Version OS :                       10.0
02-Feb-2026 14:49:48.970 INFO [main] org.apache.catalina.startup.VersionLoggerListener.log Architecture :                     amd64
02-Feb-2026 14:49:48.970 INFO [main] org.apache.catalina.startup.VersionLoggerListener.log Java Home :                        C:\Program Files\Java\jdk-25
02-Feb-2026 14:49:48.970 INFO [main] org.apache.catalina.startup.VersionLoggerListener.log Version JVM :                      25.0.1+8-LTS-27
02-Feb-2026 14:49:48.970 INFO [main] org.apache.catalina.startup.VersionLoggerListener.log Fournisseur de la JVM :            Oracle Corporation
02-Feb-2026 14:49:48.971 INFO [main] org.apache.catalina.startup.VersionLoggerListener.log CATALINA_BASE :                    C:\Users\ayoub\IdeaProjects\smartTask\apache-tomcat-11.0.18
02-Feb-2026 14:49:48.971 INFO [main] org.apache.catalina.startup.VersionLoggerListener.log CATALINA_HOME :                    C:\Users\ayoub\IdeaProjects\smartTask\apache-tomcat-11.0.18
02-Feb-2026 14:49:48.976 INFO [main] org.apache.catalina.startup.VersionLoggerListener.log Argument de la ligne de commande : -Djava.util.logging.config.file=C:\Users\ayoub\IdeaProjects\smartTask\apache-tomcat-11.0.18\conf\logging.properties
02-Feb-2026 14:49:48.978 INFO [main] org.apache.catalina.startup.VersionLoggerListener.log Argument de la ligne de commande : -Djava.util.logging.manager=org.apache.juli.ClassLoaderLogManager
02-Feb-2026 14:49:48.979 INFO [main] org.apache.catalina.startup.VersionLoggerListener.log Argument de la ligne de commande : -Djdk.tls.ephemeralDHKeySize=2048
02-Feb-2026 14:49:48.979 INFO [main] org.apache.catalina.startup.VersionLoggerListener.log Argument de la ligne de commande : --add-opens=java.base/java.lang=ALL-UNNAMED
02-Feb-2026 14:49:48.979 INFO [main] org.apache.catalina.startup.VersionLoggerListener.log Argument de la ligne de commande : --add-opens=java.base/java.lang.reflect=ALL-UNNAMED
02-Feb-2026 14:49:48.980 INFO [main] org.apache.catalina.startup.VersionLoggerListener.log Argument de la ligne de commande : --add-opens=java.base/java.io=ALL-UNNAMED
02-Feb-2026 14:49:48.980 INFO [main] org.apache.catalina.startup.VersionLoggerListener.log Argument de la ligne de commande : --add-opens=java.base/java.util=ALL-UNNAMED
02-Feb-2026 14:49:48.981 INFO [main] org.apache.catalina.startup.VersionLoggerListener.log Argument de la ligne de commande : --add-opens=java.base/java.util.concurrent=ALL-UNNAMED
02-Feb-2026 14:49:48.981 INFO [main] org.apache.catalina.startup.VersionLoggerListener.log Argument de la ligne de commande : --add-opens=java.rmi/sun.rmi.transport=ALL-UNNAMED
02-Feb-2026 14:49:48.982 INFO [main] org.apache.catalina.startup.VersionLoggerListener.log Argument de la ligne de commande : --enable-native-access=ALL-UNNAMED
02-Feb-2026 14:49:48.982 INFO [main] org.apache.catalina.startup.VersionLoggerListener.log Argument de la ligne de commande : -Dcatalina.base=C:\Users\ayoub\IdeaProjects\smartTask\apache-tomcat-11.0.18
02-Feb-2026 14:49:48.982 INFO [main] org.apache.catalina.startup.VersionLoggerListener.log Argument de la ligne de commande : -Dcatalina.home=C:\Users\ayoub\IdeaProjects\smartTask\apache-tomcat-11.0.18
02-Feb-2026 14:49:48.983 INFO [main] org.apache.catalina.startup.VersionLoggerListener.log Argument de la ligne de commande : -Djava.io.tmpdir=C:\Users\ayoub\IdeaProjects\smartTask\apache-tomcat-11.0.18\temp
02-Feb-2026 14:49:48.991 INFO [main] org.apache.catalina.core.AprLifecycleListener.lifecycleEvent La librairie Apache Tomcat Native basée sur APR qui permet des performances optimales dans les environnements de production n'a pas été trouvée sur le java.library.path : [C:\Program Files\Java\jdk-25\bin;C:\WINDOWS\Sun\Java\bin;C:\WINDOWS\system32;C:\WINDOWS;C:\Program Files\Common Files\Oracle\Java\javapath;C:\Program Files (x86)\Razer\ChromaBroadcast\bin;C:\Program Files\Razer\ChromaBroadcast\bin;C:\WINDOWS\system32;C:\WINDOWS;C:\WINDOWS\System32\Wbem;C:\WINDOWS\System32\WindowsPowerShell\v1.0\;C:\WINDOWS\System32\OpenSSH\;C:\Program Files\Docker\Docker\resources\bin;C:\Program Files\dotnet\;C:\Program Files\PowerToys\;C:\WINDOWS\system32\config\systemprofile\AppData\Local\Microsoft\WindowsApps;C:\Program Files (x86)\Razer Chroma SDK\bin;C:\Program Files\Razer Chroma SDK\bin;C:\Users\ayoub\AppData\Local\Programs\Python\Launcher\;C:\Users\ayoub\AppData\Local\Microsoft\WindowsApps;C:\Users\ayoub\AppData\Local\Programs\Microsoft VS Code\bin;C:\Program Files\Java\jdk-25\bin;C:\Program Files\Git\cmd;C:\apache-maven-3.9.12\bin;C:\Users\ayoub\AppData\Local\Programs\Python\Launcher\;C:\Users\ayoub\AppData\Local\Microsoft\WindowsApps;C:\Users\ayoub\AppData\Local\Programs\Microsoft VS Code\bin;C:\Program Files\Java\jdk-25\bin;;.]
02-Feb-2026 14:49:49.245 INFO [main] org.apache.coyote.AbstractProtocol.init Initialisation du gestionnaire de protocole ["http-nio-8080"]
02-Feb-2026 14:49:49.267 INFO [main] org.apache.catalina.startup.Catalina.load L'initialisation du serveur a pris [491] millisecondes
02-Feb-2026 14:49:49.309 INFO [main] org.apache.catalina.core.StandardService.startInternal Démarrage du service [Catalina]
02-Feb-2026 14:49:49.310 INFO [main] org.apache.catalina.core.StandardEngine.startInternal Démarrage du moteur de Servlets : [Apache Tomcat/11.0.18]
02-Feb-2026 14:49:49.342 INFO [main] org.apache.catalina.startup.HostConfig.deployWAR Déploiement de l'archive [C:\Users\ayoub\IdeaProjects\smartTask\apache-tomcat-11.0.18\webapps\smarttask-backend-jdbc-1.0-SNAPSHOT.war] de l'application web
02-Feb-2026 14:49:50.590 INFO [main] org.apache.jasper.servlet.TldScanner.scanJars Au moins un fichier JAR a été analysé pour trouver des TLDs mais il n'en contenait pas, le mode "debug" du journal peut être activé pour obtenir une liste complète de JAR scannés sans succès ; éviter d'analyser des JARs inutilement peut améliorer sensiblement le temps de démarrage et le temps de compilation des JSPs
02-Feb-2026 14:49:50.655 INFO [main] org.apache.catalina.startup.HostConfig.deployWAR Le déploiement de l'archive de l'application web [C:\Users\ayoub\IdeaProjects\smartTask\apache-tomcat-11.0.18\webapps\smarttask-backend-jdbc-1.0-SNAPSHOT.war] s'est terminé en [1 309] ms
02-Feb-2026 14:49:50.658 INFO [main] org.apache.catalina.startup.HostConfig.deployDirectory Déploiement du répertoire d'application web [C:\Users\ayoub\IdeaProjects\smartTask\apache-tomcat-11.0.18\webapps\docs]
02-Feb-2026 14:49:50.699 INFO [main] org.apache.catalina.startup.HostConfig.deployDirectory Le déploiement du répertoire [C:\Users\ayoub\IdeaProjects\smartTask\apache-tomcat-11.0.18\webapps\docs] de l'application web s'est terminé en [41] ms
02-Feb-2026 14:49:50.700 INFO [main] org.apache.catalina.startup.HostConfig.deployDirectory Déploiement du répertoire d'application web [C:\Users\ayoub\IdeaProjects\smartTask\apache-tomcat-11.0.18\webapps\examples]
02-Feb-2026 14:49:51.051 INFO [main] org.apache.catalina.startup.HostConfig.deployDirectory Le déploiement du répertoire [C:\Users\ayoub\IdeaProjects\smartTask\apache-tomcat-11.0.18\webapps\examples] de l'application web s'est terminé en [351] ms
02-Feb-2026 14:49:51.054 INFO [main] org.apache.catalina.startup.HostConfig.deployDirectory Déploiement du répertoire d'application web [C:\Users\ayoub\IdeaProjects\smartTask\apache-tomcat-11.0.18\webapps\host-manager]
02-Feb-2026 14:49:51.093 INFO [main] org.apache.catalina.startup.HostConfig.deployDirectory Le déploiement du répertoire [C:\Users\ayoub\IdeaProjects\smartTask\apache-tomcat-11.0.18\webapps\host-manager] de l'application web s'est terminé en [39] ms
02-Feb-2026 14:49:51.094 INFO [main] org.apache.catalina.startup.HostConfig.deployDirectory Déploiement du répertoire d'application web [C:\Users\ayoub\IdeaProjects\smartTask\apache-tomcat-11.0.18\webapps\manager]
02-Feb-2026 14:49:51.132 INFO [main] org.apache.catalina.startup.HostConfig.deployDirectory Le déploiement du répertoire [C:\Users\ayoub\IdeaProjects\smartTask\apache-tomcat-11.0.18\webapps\manager] de l'application web s'est terminé en [39] ms
02-Feb-2026 14:49:51.133 INFO [main] org.apache.catalina.startup.HostConfig.deployDirectory Déploiement du répertoire d'application web [C:\Users\ayoub\IdeaProjects\smartTask\apache-tomcat-11.0.18\webapps\ROOT]
02-Feb-2026 14:49:52.128 INFO [main] org.apache.jasper.servlet.TldScanner.scanJars Au moins un fichier JAR a été analysé pour trouver des TLDs mais il n'en contenait pas, le mode "debug" du journal peut être activé pour obtenir une liste complète de JAR scannés sans succès ; éviter d'analyser des JARs inutilement peut améliorer sensiblement le temps de démarrage et le temps de compilation des JSPs
02-Feb-2026 14:49:52.136 INFO [main] org.apache.catalina.startup.HostConfig.deployDirectory Le déploiement du répertoire [C:\Users\ayoub\IdeaProjects\smartTask\apache-tomcat-11.0.18\webapps\ROOT] de l'application web s'est terminé en [1 002] ms
02-Feb-2026 14:49:52.137 INFO [main] org.apache.catalina.startup.HostConfig.deployDirectory Déploiement du répertoire d'application web [C:\Users\ayoub\IdeaProjects\smartTask\apache-tomcat-11.0.18\webapps\smartTask]
02-Feb-2026 14:49:52.164 INFO [main] org.apache.catalina.startup.HostConfig.deployDirectory Le déploiement du répertoire [C:\Users\ayoub\IdeaProjects\smartTask\apache-tomcat-11.0.18\webapps\smartTask] de l'application web s'est terminé en [27] ms
02-Feb-2026 14:49:52.171 INFO [main] org.apache.coyote.AbstractProtocol.start Démarrage du gestionnaire de protocole ["http-nio-8080"]
02-Feb-2026 14:49:52.210 INFO [main] org.apache.catalina.startup.Catalina.start Le démarrage du serveur a pris [2939] millisecondes
