06-Feb-2026 13:50:54.428 INFO [main] org.apache.catalina.core.ApplicationContext.log ContextListener: contextInitialized()
06-Feb-2026 13:50:54.428 INFO [main] org.apache.catalina.core.ApplicationContext.log SessionListener: contextInitialized()
06-Feb-2026 13:50:54.431 INFO [main] org.apache.catalina.core.ApplicationContext.log ContextListener: attributeAdded('StockTicker', 'async.Stockticker@6a4bd9e4')
06-Feb-2026 13:51:04.088 INFO [main] org.apache.catalina.core.ApplicationContext.log SessionListener: contextDestroyed()
06-Feb-2026 13:51:04.088 INFO [main] org.apache.catalina.core.ApplicationContext.log ContextListener: contextDestroyed()
06-Feb-2026 13:52:15.404 INFO [main] org.apache.catalina.core.ApplicationContext.log ContextListener: contextInitialized()
06-Feb-2026 13:52:15.404 INFO [main] org.apache.catalina.core.ApplicationContext.log SessionListener: contextInitialized()
06-Feb-2026 13:52:15.406 INFO [main] org.apache.catalina.core.ApplicationContext.log ContextListener: attributeAdded('StockTicker', 'async.Stockticker@4928a347')
06-Feb-2026 13:54:28.105 INFO [main] org.apache.catalina.core.ApplicationContext.log ContextListener: contextInitialized()
06-Feb-2026 13:54:28.105 INFO [main] org.apache.catalina.core.ApplicationContext.log SessionListener: contextInitialized()
06-Feb-2026 13:54:28.108 INFO [main] org.apache.catalina.core.ApplicationContext.log ContextListener: attributeAdded('StockTicker', 'async.Stockticker@64d7737c')
06-Feb-2026 13:54:28.348 INFO [main] org.apache.catalina.core.ApplicationContext.log SessionListener: contextDestroyed()
06-Feb-2026 13:54:28.349 INFO [main] org.apache.catalina.core.ApplicationContext.log ContextListener: contextDestroyed()
06-Feb-2026 14:08:34.543 INFO [main] org.apache.catalina.core.ApplicationContext.log SessionListener: contextDestroyed()
06-Feb-2026 14:08:34.543 INFO [main] org.apache.catalina.core.ApplicationContext.log ContextListener: contextDestroyed()
06-Feb-2026 14:10:18.686 INFO [main] org.apache.catalina.core.ApplicationContext.log ContextListener: contextInitialized()
06-Feb-2026 14:10:18.687 INFO [main] org.apache.catalina.core.ApplicationContext.log SessionListener: contextInitialized()
06-Feb-2026 14:10:18.688 INFO [main] org.apache.catalina.core.ApplicationContext.log ContextListener: attributeAdded('StockTicker', 'async.Stockticker@53a1cff1')
06-Feb-2026 14:23:35.233 SEVERE [http-nio-8080-exec-10] org.apache.catalina.core.StandardWrapperValve.invoke Servlet.service() for servlet [controller.UserController] in context with path [/smarttask-backend-jdbc-1.0-SNAPSHOT] threw exception
	java.lang.RuntimeException: Invalid email or password
		at service.UserService.lambda$login$1(UserService.java:32)
		at java.base/java.util.Optional.orElseThrow(Optional.java:403)
		at service.UserService.login(UserService.java:32)
		at controller.UserController.doPost(UserController.java:52)
		at jakarta.servlet.http.HttpServlet.service(HttpServlet.java:649)
		at jakarta.servlet.http.HttpServlet.service(HttpServlet.java:710)
		at org.apache.catalina.core.ApplicationFilterChain.doFilter(ApplicationFilterChain.java:128)
		at org.apache.tomcat.websocket.server.WsFilter.doFilter(WsFilter.java:53)
		at org.apache.catalina.core.ApplicationFilterChain.doFilter(ApplicationFilterChain.java:107)
		at org.apache.catalina.core.StandardWrapperValve.invoke(StandardWrapperValve.java:165)
		at org.apache.catalina.core.StandardContextValve.invoke(StandardContextValve.java:77)
		at org.apache.catalina.authenticator.AuthenticatorBase.invoke(AuthenticatorBase.java:492)
		at org.apache.catalina.core.StandardHostValve.invoke(StandardHostValve.java:113)
		at org.apache.catalina.valves.ErrorReportValve.invoke(ErrorReportValve.java:83)
		at org.apache.catalina.valves.AbstractAccessLogValve.invoke(AbstractAccessLogValve.java:654)
		at org.apache.catalina.core.StandardEngineValve.invoke(StandardEngineValve.java:72)
		at org.apache.catalina.connector.CoyoteAdapter.service(CoyoteAdapter.java:341)
		at org.apache.coyote.http11.Http11Processor.service(Http11Processor.java:397)
		at org.apache.coyote.AbstractProcessorLight.process(AbstractProcessorLight.java:63)
		at org.apache.coyote.AbstractProtocol$ConnectionHandler.process(AbstractProtocol.java:903)
		at org.apache.tomcat.util.net.NioEndpoint$SocketProcessor.doRun(NioEndpoint.java:1779)
		at org.apache.tomcat.util.net.SocketProcessorBase.run(SocketProcessorBase.java:52)
		at org.apache.tomcat.util.threads.ThreadPoolExecutor.runWorker(ThreadPoolExecutor.java:946)
		at org.apache.tomcat.util.threads.ThreadPoolExecutor$Worker.run(ThreadPoolExecutor.java:480)
		at org.apache.tomcat.util.threads.TaskThread$WrappingRunnable.run(TaskThread.java:57)
		at java.base/java.lang.Thread.run(Thread.java:1583)
06-Feb-2026 14:46:51.778 INFO [main] org.apache.catalina.core.ApplicationContext.log SessionListener: contextDestroyed()
06-Feb-2026 14:46:51.778 INFO [main] org.apache.catalina.core.ApplicationContext.log ContextListener: contextDestroyed()
06-Feb-2026 14:47:03.183 INFO [main] org.apache.catalina.core.ApplicationContext.log ContextListener: contextInitialized()
06-Feb-2026 14:47:03.184 INFO [main] org.apache.catalina.core.ApplicationContext.log SessionListener: contextInitialized()
06-Feb-2026 14:47:03.185 INFO [main] org.apache.catalina.core.ApplicationContext.log ContextListener: attributeAdded('StockTicker', 'async.Stockticker@66a0fae1')
06-Feb-2026 14:56:52.525 INFO [main] org.apache.catalina.core.ApplicationContext.log SessionListener: contextDestroyed()
06-Feb-2026 14:56:52.526 INFO [main] org.apache.catalina.core.ApplicationContext.log ContextListener: contextDestroyed()
06-Feb-2026 14:57:23.412 INFO [main] org.apache.catalina.core.ApplicationContext.log ContextListener: contextInitialized()
06-Feb-2026 14:57:23.413 INFO [main] org.apache.catalina.core.ApplicationContext.log SessionListener: contextInitialized()
06-Feb-2026 14:57:23.417 INFO [main] org.apache.catalina.core.ApplicationContext.log ContextListener: attributeAdded('StockTicker', 'async.Stockticker@53a1cff1')
